<?xml version="1.0" encoding="UTF-8"?>
<testsuite xmlns:xsi="http://www.w3.org/2001/XMLSchema-instance" xsi:noNamespaceSchemaLocation="https://maven.apache.org/surefire/maven-surefire-plugin/xsd/surefire-test-report.xsd" name="TestSuite" time="74.652" tests="11" errors="0" skipped="0" failures="3">
  <properties>
[...]
</properties>
  <testcase name="allRequiredElementsDisplayed" classname="TestVineTest" time="0.558"/>
  <testcase name="cocktailsNavigateToCocktailRecipePage" classname="TestVineTest" time="2.575"/>
  <testcase name="cocktailsSelectSeveralWines" classname="TestVineTest" time="1.973"/>
  <testcase name="globalNavlogic" classname="TestVineTest" time="7.098">
    <failure message="Expected condition failed: waiting for visibility of Proxy element for: DefaultElementLocator &apos;By.cssSelector: #image-comp-id-1533175598405&apos; (tried for 2 second(s) with 500 milliseconds interval)" type="org.openqa.selenium.TimeoutException">org.openqa.selenium.TimeoutException: Expected condition failed: waiting for visibility of Proxy element for: DefaultElementLocator 'By.cssSelector: #image-comp-id-1533175598405' (tried for 2 second(s) with 500 milliseconds interval)
	at TestVineTest.globalNavlogic(TestVineTest.java:101)
Caused by: org.openqa.selenium.NoSuchElementException: 
no such element: Unable to locate element: {"method":"css selector","selector":"#image-comp-id-1533175598405"}
  (Session info: chrome=90.0.4430.212)
For documentation on this error, please visit: https://selenium.dev/exceptions/#no_such_element
Build info: version: '4.0.0-beta-2', revision: '4ec0cfc112'
System info: host: 'WIN-C2QDRP9BNJD', ip: '192.168.0.110', os.name: 'Windows 10', os.arch: 'amd64', os.version: '10.0', java.version: '11.0.11'
Driver info: org.openqa.selenium.chrome.ChromeDriver
Command: [0754735e3d2a84c888311b4f1f9c6e1a, findElement {using=css selector, value=#image-comp-id-1533175598405}]
Capabilities {acceptInsecureCerts: false, browserName: chrome, browserVersion: 90.0.4430.212, chrome: {chromedriverVersion: 90.0.4430.24 (4c6d850f087da..., userDataDir: C:\Users\User\AppData\Local...}, goog:chromeOptions: {debuggerAddress: localhost:57972}, javascriptEnabled: true, networkConnectionEnabled: false, pageLoadStrategy: normal, platform: WINDOWS, platformName: WINDOWS, proxy: Proxy(), setWindowRect: true, strictFileInteractability: false, timeouts: {implicit: 0, pageLoad: 300000, script: 30000}, unhandledPromptBehavior: dismiss and notify, webauthn:extension:largeBlob: true, webauthn:virtualAuthenticators: true}
Session ID: 0754735e3d2a84c888311b4f1f9c6e1a
	at TestVineTest.globalNavlogic(TestVineTest.java:101)
</failure>
    <system-err><![CDATA[Starting ChromeDriver 90.0.4430.24 (4c6d850f087da467d926e8eddb76550aed655991-refs/branch-heads/4430@{#429}) on port 34400
Only local connections are allowed.
Please see https://chromedriver.chromium.org/security-considerations for suggestions on keeping ChromeDriver safe.
ChromeDriver was started successfully.
мая 22, 2021 1:51:15 PM org.openqa.selenium.remote.ProtocolHandshake createSession
INFO: Detected dialect: W3C
мая 22, 2021 1:51:15 PM org.openqa.selenium.devtools.CdpVersionFinder findNearestMatch
WARNING: Unable to find an exact match for CDP version 90, so returning the closest version found: 89
мая 22, 2021 1:51:15 PM org.openqa.selenium.devtools.CdpVersionFinder findNearestMatch
INFO: Found CDP implementation for version 90 of 89
]]></system-err>
  </testcase>
  <testcase name="globalNavlogicChina" classname="TestVineTest" time="7.141">
    <failure message="Expected condition failed: waiting for visibility of Proxy element for: DefaultElementLocator &apos;By.cssSelector: .sgg-comp-social-slot.social-weibo&apos; (tried for 2 second(s) with 500 milliseconds interval)" type="org.openqa.selenium.TimeoutException">org.openqa.selenium.TimeoutException: Expected condition failed: waiting for visibility of Proxy element for: DefaultElementLocator 'By.cssSelector: .sgg-comp-social-slot.social-weibo' (tried for 2 second(s) with 500 milliseconds interval)
	at TestVineTest.globalNavlogicChina(TestVineTest.java:119)
Caused by: org.openqa.selenium.NoSuchElementException: 
no such element: Unable to locate element: {"method":"css selector","selector":".sgg-comp-social-slot.social-weibo"}
  (Session info: chrome=90.0.4430.212)
For documentation on this error, please visit: https://selenium.dev/exceptions/#no_such_element
Build info: version: '4.0.0-beta-2', revision: '4ec0cfc112'
System info: host: 'WIN-C2QDRP9BNJD', ip: '192.168.0.110', os.name: 'Windows 10', os.arch: 'amd64', os.version: '10.0', java.version: '11.0.11'
Driver info: org.openqa.selenium.chrome.ChromeDriver
Command: [8a41b54e3f5273b01c4410941968f785, findElement {using=css selector, value=.sgg-comp-social-slot.social-weibo}]
Capabilities {acceptInsecureCerts: false, browserName: chrome, browserVersion: 90.0.4430.212, chrome: {chromedriverVersion: 90.0.4430.24 (4c6d850f087da..., userDataDir: C:\Users\User\AppData\Local...}, goog:chromeOptions: {debuggerAddress: localhost:57997}, javascriptEnabled: true, networkConnectionEnabled: false, pageLoadStrategy: normal, platform: WINDOWS, platformName: WINDOWS, proxy: Proxy(), setWindowRect: true, strictFileInteractability: false, timeouts: {implicit: 0, pageLoad: 300000, script: 30000}, unhandledPromptBehavior: dismiss and notify, webauthn:extension:largeBlob: true, webauthn:virtualAuthenticators: true}
Session ID: 8a41b54e3f5273b01c4410941968f785
	at TestVineTest.globalNavlogicChina(TestVineTest.java:119)
</failure>
    <system-err><![CDATA[Starting ChromeDriver 90.0.4430.24 (4c6d850f087da467d926e8eddb76550aed655991-refs/branch-heads/4430@{#429}) on port 30017
Only local connections are allowed.
Please see https://chromedriver.chromium.org/security-considerations for suggestions on keeping ChromeDriver safe.
ChromeDriver was started successfully.
мая 22, 2021 1:51:26 PM org.openqa.selenium.remote.ProtocolHandshake createSession
INFO: Detected dialect: W3C
мая 22, 2021 1:51:26 PM org.openqa.selenium.devtools.CdpVersionFinder findNearestMatch
WARNING: Unable to find an exact match for CDP version 90, so returning the closest version found: 89
мая 22, 2021 1:51:26 PM org.openqa.selenium.devtools.CdpVersionFinder findNearestMatch
INFO: Found CDP implementation for version 90 of 89
]]></system-err>
  </testcase>
  <testcase name="menuButtonLogicHeaderClose" classname="TestVineTest" time="0.774"/>
  <testcase name="menuButtonLogicHeaderOpen" classname="TestVineTest" time="1.27"/>
  <testcase name="navigateAsEuropeTest" classname="TestVineTest" time="0.6"/>
  <testcase name="requiredElementsShowedTest" classname="TestVineTest" time="0.066"/>
  <testcase name="selectOneWine" classname="TestVineTest" time="1.894"/>
  <testcase name="whereToBuyValidZipCode" classname="TestVineTest" time="3.691">
    <failure message="Index 0 out of bounds for length 0" type="java.lang.IndexOutOfBoundsException">java.lang.IndexOutOfBoundsException: Index 0 out of bounds for length 0
	at TestVineTest.whereToBuyValidZipCode(TestVineTest.java:142)
</failure>
    <system-err><![CDATA[Starting ChromeDriver 90.0.4430.24 (4c6d850f087da467d926e8eddb76550aed655991-refs/branch-heads/4430@{#429}) on port 39187
Only local connections are allowed.
Please see https://chromedriver.chromium.org/security-considerations for suggestions on keeping ChromeDriver safe.
ChromeDriver was started successfully.
мая 22, 2021 1:52:01 PM org.openqa.selenium.remote.ProtocolHandshake createSession
INFO: Detected dialect: W3C
мая 22, 2021 1:52:01 PM org.openqa.selenium.devtools.CdpVersionFinder findNearestMatch
WARNING: Unable to find an exact match for CDP version 90, so returning the closest version found: 89
мая 22, 2021 1:52:01 PM org.openqa.selenium.devtools.CdpVersionFinder findNearestMatch
INFO: Found CDP implementation for version 90 of 89
]]></system-err>
  </testcase>
</testsuite>