<?xml version="1.0" encoding="UTF-8"?>
<testng-results skipped="0" failed="0" ignored="0" total="0" passed="0">
  <reporter-output>
  </reporter-output>
  <suite name="TestVineTest" duration-ms="9" started-at="2021-05-19T00:11:44Z" finished-at="2021-05-19T00:11:44Z">
    <groups>
    </groups>
    <test name="Command line test" duration-ms="9" started-at="2021-05-19T00:11:44Z" finished-at="2021-05-19T00:11:44Z">
    </test> <!-- Command line test -->
  </suite> <!-- TestVineTest -->
</testng-results>
